18-09-2017 21:19:51.956 [main] INFO  it.db.retriever.Retriever - Retriever is starting.....
18-09-2017 21:19:52.950 [main] INFO  it.db.retriever.Retriever - ***************** DATASOURCES *****************
18-09-2017 21:19:53.414 [main] INFO  it.db.retriever.Retriever - Reading datasource configuration
18-09-2017 21:19:54.302 [main] INFO  it.db.retriever.core.DataSourcesReader - Inizio lettura file datasource
18-09-2017 21:19:56.826 [main] INFO  it.db.retriever.core.DataSourcesReader - ---------------------------------------
18-09-2017 21:19:59.655 [main] INFO  it.db.retriever.core.ConnectionProvider - Initializing connection for monet
18-09-2017 21:19:59.671 [main] INFO  it.db.retriever.core.ConnectionProvider - Using driver oracle.jdbc.driver.OracleDriver
18-09-2017 21:19:59.702 [main] FATAL it.db.retriever.core.ConnectionProvider - java.lang.ClassNotFoundException: oracle.jdbc.driver.OracleDriver
18-09-2017 21:21:08.058 [main] INFO  it.db.retriever.Retriever - Retriever is starting.....
18-09-2017 21:23:18.378 [main] INFO  it.db.retriever.Retriever - ***************** DATASOURCES *****************
18-09-2017 21:23:18.782 [main] INFO  it.db.retriever.Retriever - Reading datasource configuration
18-09-2017 21:23:21.483 [main] INFO  it.db.retriever.core.DataSourcesReader - Inizio lettura file datasource
18-09-2017 21:23:29.135 [main] INFO  it.db.retriever.core.DataSourcesReader - ---------------------------------------
18-09-2017 21:23:32.729 [main] INFO  it.db.retriever.core.ConnectionProvider - Initializing connection for monet
18-09-2017 21:23:32.740 [main] INFO  it.db.retriever.core.ConnectionProvider - Using driver org.postgresql.Driver
18-09-2017 21:23:33.026 [main] INFO  it.db.retriever.core.ConnectionProvider - Using URL: jdbc:postgresql://localhost/mypgdb
18-09-2017 21:23:33.039 [main] INFO  it.db.retriever.core.ConnectionProvider - Using username: monet
18-09-2017 21:23:33.050 [main] INFO  it.db.retriever.core.ConnectionProvider - Password utilizzata: *********
18-09-2017 21:23:35.159 [main] FATAL it.db.retriever.core.ConnectionProvider - org.postgresql.util.PSQLException: FATALE: autenticazione con password fallita per l'utente "monet"
18-09-2017 21:27:27.664 [main] INFO  it.db.retriever.Retriever - Retriever is starting.....
18-09-2017 21:27:31.623 [main] INFO  it.db.retriever.Retriever - ***************** DATASOURCES *****************
18-09-2017 21:27:31.978 [main] INFO  it.db.retriever.Retriever - Reading datasource configuration
18-09-2017 21:27:33.158 [main] INFO  it.db.retriever.core.DataSourcesReader - Inizio lettura file datasource
18-09-2017 21:27:35.613 [main] INFO  it.db.retriever.core.DataSourcesReader - ---------------------------------------
18-09-2017 21:27:37.441 [main] INFO  it.db.retriever.core.ConnectionProvider - Initializing connection for monet
18-09-2017 21:27:37.454 [main] INFO  it.db.retriever.core.ConnectionProvider - Using driver org.postgresql.Driver
18-09-2017 21:27:37.623 [main] INFO  it.db.retriever.core.ConnectionProvider - Using URL: jdbc:postgresql://localhost/mypgdb
18-09-2017 21:27:37.647 [main] INFO  it.db.retriever.core.ConnectionProvider - Using username: postgres
18-09-2017 21:27:37.658 [main] INFO  it.db.retriever.core.ConnectionProvider - Password utilizzata: *********
18-09-2017 21:27:39.355 [main] INFO  it.db.retriever.core.ConnectionProvider - Connection succesfull for datasource monet
18-09-2017 21:27:39.493 [main] INFO  it.db.retriever.core.DataSourcesReader - Fine lettura file datasource
18-09-2017 21:27:43.235 [main] INFO  it.db.retriever.Retriever - Datasource configuration read.
18-09-2017 21:27:43.765 [main] INFO  it.db.retriever.Retriever - ***********************************************
18-09-2017 21:27:44.265 [main] INFO  it.db.retriever.Retriever - ****************** TEMPLATES ******************
18-09-2017 21:27:44.602 [main] INFO  it.db.retriever.Retriever - Reading template configuration
18-09-2017 21:27:46.395 [main] INFO  it.db.retriever.core.TemplateReader - Inizio lettura file template
18-09-2017 21:27:46.459 [main] INFO  it.db.retriever.core.TemplateReader - ---------------------------------------
18-09-2017 21:27:52.036 [main] INFO  it.db.retriever.core.TemplateReader - Template template_001 letto correttamente.
18-09-2017 21:27:52.050 [main] INFO  it.db.retriever.core.TemplateReader - ---------------------------------------
18-09-2017 21:27:56.038 [main] INFO  it.db.retriever.core.TemplateReader - Template template_base letto correttamente.
18-09-2017 21:27:56.055 [main] INFO  it.db.retriever.core.TemplateReader - Fine lettura file template
18-09-2017 21:27:56.327 [main] INFO  it.db.retriever.Retriever - Template configuration read.
18-09-2017 21:27:56.742 [main] INFO  it.db.retriever.Retriever - ***********************************************
18-09-2017 21:27:57.161 [main] INFO  it.db.retriever.Retriever - ***************** REPORTS *****************
18-09-2017 21:27:57.555 [main] INFO  it.db.retriever.Retriever - Reading report configuration
18-09-2017 21:27:58.339 [main] INFO  it.db.retriever.core.ReportsReader - Inizio lettura file reports
18-09-2017 21:27:58.432 [main] INFO  it.db.retriever.core.ReportsReader - ---------------------------------------
18-09-2017 21:28:00.689 [main] INFO  it.db.retriever.core.ReportsReader - Report report1 letto correttamente.
18-09-2017 21:28:00.703 [main] INFO  it.db.retriever.core.ReportsReader - Fine lettura file reports
18-09-2017 21:28:02.496 [main] INFO  it.db.retriever.Retriever - Report configuration read.
18-09-2017 21:28:04.018 [main] INFO  it.db.retriever.Retriever - ***********************************************
18-09-2017 21:28:07.133 [main] INFO  it.db.retriever.Retriever - ****************** SCHEDULER ******************
18-09-2017 21:28:07.251 [main] INFO  it.db.retriever.Retriever - -----------------------------------------------------
18-09-2017 21:28:07.269 [main] INFO  it.db.retriever.Retriever - Inizio schedulazione del report report1
18-09-2017 21:28:07.749 [main] INFO  it.db.retriever.Retriever - Schedulazione del report report1 andata a buon fine.
18-09-2017 21:28:07.782 [main] INFO  it.db.retriever.Retriever - ***********************************************
18-09-2017 21:28:07.801 [main] INFO  it.db.retriever.Retriever - ****************** SYSTEM SCHEDULER ******************
18-09-2017 21:28:07.820 [main] INFO  it.db.retriever.Retriever - ----------------------------------------------------------
18-09-2017 21:28:07.842 [main] INFO  it.db.retriever.Retriever - Inizio schedulazione job di controllo DataSources
18-09-2017 21:28:08.102 [main] INFO  it.db.retriever.Retriever - Schedulazione job di controllo DataSources effettuata correttamente con la definizione: '0 0,15,30,45 * ? * *'
18-09-2017 21:28:08.120 [main] INFO  it.db.retriever.Retriever - ----------------------------------------------------------
18-09-2017 21:28:08.134 [main] INFO  it.db.retriever.Retriever - Inizio schedulazione job di controllo Template
18-09-2017 21:28:08.394 [main] INFO  it.db.retriever.Retriever - Schedulazione job di controllo template effettuata correttamente con la definizione: '0 2,17,32,47 * ? * *'
18-09-2017 21:28:08.412 [main] INFO  it.db.retriever.Retriever - ----------------------------------------------------------
18-09-2017 21:28:08.425 [main] INFO  it.db.retriever.Retriever - Inizio schedulazione job di controllo Report
18-09-2017 21:28:08.685 [main] INFO  it.db.retriever.Retriever - Schedulazione job di controllo Report effettuata correttamente con la definizione: '0 4,19,34,49 * ? * *'
18-09-2017 21:28:08.706 [main] INFO  it.db.retriever.Retriever - ******************************************************
18-09-2017 21:28:08.718 [main] INFO  it.db.retriever.Retriever - Starting scheduler............
18-09-2017 21:28:08.732 [main] INFO  it.db.retriever.Retriever - Scheduler started!
